<?xml version="1.0" encoding="UTF-8"?>
<!-- Generated by org.testng.reporters.JUnitReportReporter -->
<testsuite hostname="ADITI-PARDESHI" failures="0" tests="1" name="cucumber.Options.TestRunnerforFailedTestScenarios" time="7.064" errors="0" timestamp="2024-12-13T10:07:58 IST" skipped="0">
  <testcase classname="cucumber.Options.TestRunnerforFailedTestScenarios" name="runScenario" time="7.064"/>
</testsuite> <!-- cucumber.Options.TestRunnerforFailedTestScenarios -->
