<?xml version="1.0" encoding="UTF-8"?>
<!-- Generated by org.testng.reporters.JUnitReportReporter -->
<testsuite hostname="ADITI-PARDESHI" failures="0" tests="4" name="cucumber.Options.TestRunner" time="36.654" errors="0" timestamp="2024-12-13T09:41:58 IST" skipped="0">
  <testcase classname="cucumber.Options.TestRunner" name="runScenario" time="9.241"/>
  <testcase classname="cucumber.Options.TestRunner" name="runScenario" time="9.627"/>
  <testcase classname="cucumber.Options.TestRunner" name="runScenario" time="8.267"/>
  <testcase classname="cucumber.Options.TestRunner" name="runScenario" time="9.519"/>
</testsuite> <!-- cucumber.Options.TestRunner -->
