<?xml version="1.0" encoding="UTF-8"?>
<!-- Generated by org.testng.reporters.JUnitReportReporter -->
<testsuite hostname="ADITI-PARDESHI" failures="0" tests="1" name="cucumber.Options.TestRunner" time="16.501" errors="0" timestamp="2024-12-13T23:17:58 IST" skipped="0">
  <testcase classname="cucumber.Options.TestRunner" name="runScenario" time="16.501"/>
</testsuite> <!-- cucumber.Options.TestRunner -->
